{"/home/dmytryk/GithubShit/TeamThreeProject/lib/urlConstructor.js": {"path":"/home/dmytryk/GithubShit/TeamThreeProject/lib/urlConstructor.js","all":false,"statementMap":{"0":{"start":{"line":1,"column":0},"end":{"line":1,"column":13}},"1":{"start":{"line":2,"column":0},"end":{"line":2,"column":0}},"2":{"start":{"line":3,"column":0},"end":{"line":3,"column":39}},"3":{"start":{"line":4,"column":0},"end":{"line":4,"column":3}},"4":{"start":{"line":5,"column":0},"end":{"line":5,"column":59}},"5":{"start":{"line":6,"column":0},"end":{"line":6,"column":13}},"6":{"start":{"line":7,"column":0},"end":{"line":7,"column":2}},"7":{"start":{"line":8,"column":0},"end":{"line":8,"column":4}},"8":{"start":{"line":9,"column":0},"end":{"line":9,"column":15}},"9":{"start":{"line":10,"column":0},"end":{"line":10,"column":26}},"10":{"start":{"line":11,"column":0},"end":{"line":11,"column":17}},"11":{"start":{"line":12,"column":0},"end":{"line":12,"column":17}},"12":{"start":{"line":13,"column":0},"end":{"line":13,"column":18}},"13":{"start":{"line":14,"column":0},"end":{"line":14,"column":16}},"14":{"start":{"line":15,"column":0},"end":{"line":15,"column":8}},"15":{"start":{"line":16,"column":0},"end":{"line":16,"column":7}},"16":{"start":{"line":17,"column":0},"end":{"line":17,"column":25}},"17":{"start":{"line":18,"column":0},"end":{"line":18,"column":17}},"18":{"start":{"line":19,"column":0},"end":{"line":19,"column":4}},"19":{"start":{"line":20,"column":0},"end":{"line":20,"column":3}},"20":{"start":{"line":21,"column":0},"end":{"line":21,"column":23}},"21":{"start":{"line":22,"column":0},"end":{"line":22,"column":4}},"22":{"start":{"line":23,"column":0},"end":{"line":23,"column":33}},"23":{"start":{"line":24,"column":0},"end":{"line":24,"column":30}},"24":{"start":{"line":25,"column":0},"end":{"line":25,"column":31}},"25":{"start":{"line":26,"column":0},"end":{"line":26,"column":30}},"26":{"start":{"line":27,"column":0},"end":{"line":27,"column":25}},"27":{"start":{"line":28,"column":0},"end":{"line":28,"column":19}},"28":{"start":{"line":29,"column":0},"end":{"line":29,"column":4}},"29":{"start":{"line":30,"column":0},"end":{"line":30,"column":2}},"30":{"start":{"line":31,"column":0},"end":{"line":31,"column":52}},"31":{"start":{"line":32,"column":0},"end":{"line":32,"column":26}},"32":{"start":{"line":33,"column":0},"end":{"line":33,"column":43}},"33":{"start":{"line":34,"column":0},"end":{"line":34,"column":64}},"34":{"start":{"line":35,"column":0},"end":{"line":35,"column":60}},"35":{"start":{"line":36,"column":0},"end":{"line":36,"column":41}},"36":{"start":{"line":37,"column":0},"end":{"line":37,"column":0}},"37":{"start":{"line":38,"column":0},"end":{"line":38,"column":52}},"38":{"start":{"line":39,"column":0},"end":{"line":39,"column":39}},"39":{"start":{"line":40,"column":0},"end":{"line":40,"column":45}},"40":{"start":{"line":41,"column":0},"end":{"line":41,"column":0}},"41":{"start":{"line":42,"column":0},"end":{"line":42,"column":39}},"42":{"start":{"line":43,"column":0},"end":{"line":43,"column":27}},"43":{"start":{"line":44,"column":0},"end":{"line":44,"column":20}},"44":{"start":{"line":45,"column":0},"end":{"line":45,"column":0}},"45":{"start":{"line":46,"column":0},"end":{"line":46,"column":27}},"46":{"start":{"line":47,"column":0},"end":{"line":47,"column":0}},"47":{"start":{"line":48,"column":0},"end":{"line":48,"column":40}},"48":{"start":{"line":49,"column":0},"end":{"line":49,"column":46}},"49":{"start":{"line":50,"column":0},"end":{"line":50,"column":34}},"50":{"start":{"line":51,"column":0},"end":{"line":51,"column":49}},"51":{"start":{"line":52,"column":0},"end":{"line":52,"column":0}},"52":{"start":{"line":53,"column":0},"end":{"line":53,"column":64}},"53":{"start":{"line":54,"column":0},"end":{"line":54,"column":10}},"54":{"start":{"line":55,"column":0},"end":{"line":55,"column":16}},"55":{"start":{"line":56,"column":0},"end":{"line":56,"column":0}},"56":{"start":{"line":57,"column":0},"end":{"line":57,"column":34}},"57":{"start":{"line":58,"column":0},"end":{"line":58,"column":0}},"58":{"start":{"line":59,"column":0},"end":{"line":59,"column":60}},"59":{"start":{"line":60,"column":0},"end":{"line":60,"column":45}},"60":{"start":{"line":61,"column":0},"end":{"line":61,"column":70}},"61":{"start":{"line":62,"column":0},"end":{"line":62,"column":54}},"62":{"start":{"line":63,"column":0},"end":{"line":63,"column":40}},"63":{"start":{"line":64,"column":0},"end":{"line":64,"column":14}},"64":{"start":{"line":65,"column":0},"end":{"line":65,"column":30}},"65":{"start":{"line":66,"column":0},"end":{"line":66,"column":7}},"66":{"start":{"line":67,"column":0},"end":{"line":67,"column":12}},"67":{"start":{"line":68,"column":0},"end":{"line":68,"column":62}},"68":{"start":{"line":69,"column":0},"end":{"line":69,"column":31}},"69":{"start":{"line":70,"column":0},"end":{"line":70,"column":5}},"70":{"start":{"line":71,"column":0},"end":{"line":71,"column":3}},"71":{"start":{"line":72,"column":0},"end":{"line":72,"column":0}},"72":{"start":{"line":73,"column":0},"end":{"line":73,"column":16}},"73":{"start":{"line":74,"column":0},"end":{"line":74,"column":2}},"74":{"start":{"line":75,"column":0},"end":{"line":75,"column":0}},"75":{"start":{"line":76,"column":0},"end":{"line":76,"column":40}},"76":{"start":{"line":77,"column":0},"end":{"line":77,"column":61}},"77":{"start":{"line":78,"column":0},"end":{"line":78,"column":0}},"78":{"start":{"line":79,"column":0},"end":{"line":79,"column":36}}},"s":{"0":1,"1":1,"2":1,"3":1,"4":1,"5":1,"6":1,"7":1,"8":1,"9":1,"10":1,"11":1,"12":1,"13":1,"14":1,"15":1,"16":1,"17":1,"18":1,"19":1,"20":1,"21":1,"22":1,"23":1,"24":1,"25":1,"26":1,"27":1,"28":1,"29":1,"30":1,"31":1,"32":1,"33":1,"34":1,"35":1,"36":1,"37":1,"38":16,"39":16,"40":14,"41":14,"42":16,"43":11,"44":11,"45":16,"46":16,"47":16,"48":16,"49":16,"50":16,"51":16,"52":16,"53":12,"54":12,"55":16,"56":16,"57":16,"58":16,"59":16,"60":7,"61":7,"62":5,"63":7,"64":2,"65":2,"66":16,"67":9,"68":9,"69":9,"70":16,"71":11,"72":11,"73":11,"74":1,"75":1,"76":1,"77":1,"78":1},"branchMap":{"0":{"type":"branch","line":38,"loc":{"start":{"line":38,"column":18},"end":{"line":74,"column":2}},"locations":[{"start":{"line":38,"column":18},"end":{"line":74,"column":2}}]},"1":{"type":"branch","line":40,"loc":{"start":{"line":40,"column":38},"end":{"line":40,"column":45}},"locations":[{"start":{"line":40,"column":38},"end":{"line":40,"column":45}}]},"2":{"type":"branch","line":40,"loc":{"start":{"line":40,"column":38},"end":{"line":43,"column":6}},"locations":[{"start":{"line":40,"column":38},"end":{"line":43,"column":6}}]},"3":{"type":"branch","line":43,"loc":{"start":{"line":43,"column":20},"end":{"line":43,"column":27}},"locations":[{"start":{"line":43,"column":20},"end":{"line":43,"column":27}}]},"4":{"type":"branch","line":43,"loc":{"start":{"line":43,"column":20},"end":{"line":46,"column":7}},"locations":[{"start":{"line":43,"column":20},"end":{"line":46,"column":7}}]},"5":{"type":"branch","line":53,"loc":{"start":{"line":53,"column":34},"end":{"line":53,"column":59}},"locations":[{"start":{"line":53,"column":34},"end":{"line":53,"column":59}}]},"6":{"type":"branch","line":53,"loc":{"start":{"line":53,"column":21},"end":{"line":54,"column":10}},"locations":[{"start":{"line":53,"column":21},"end":{"line":54,"column":10}}]},"7":{"type":"branch","line":53,"loc":{"start":{"line":53,"column":21},"end":{"line":55,"column":16}},"locations":[{"start":{"line":53,"column":21},"end":{"line":55,"column":16}}]},"8":{"type":"branch","line":60,"loc":{"start":{"line":60,"column":13},"end":{"line":60,"column":44}},"locations":[{"start":{"line":60,"column":13},"end":{"line":60,"column":44}}]},"9":{"type":"branch","line":60,"loc":{"start":{"line":60,"column":44},"end":{"line":67,"column":11}},"locations":[{"start":{"line":60,"column":44},"end":{"line":67,"column":11}}]},"10":{"type":"branch","line":62,"loc":{"start":{"line":62,"column":25},"end":{"line":62,"column":53}},"locations":[{"start":{"line":62,"column":25},"end":{"line":62,"column":53}}]},"11":{"type":"branch","line":62,"loc":{"start":{"line":62,"column":53},"end":{"line":64,"column":13}},"locations":[{"start":{"line":62,"column":53},"end":{"line":64,"column":13}}]},"12":{"type":"branch","line":64,"loc":{"start":{"line":64,"column":7},"end":{"line":66,"column":7}},"locations":[{"start":{"line":64,"column":7},"end":{"line":66,"column":7}}]},"13":{"type":"branch","line":67,"loc":{"start":{"line":67,"column":5},"end":{"line":70,"column":5}},"locations":[{"start":{"line":67,"column":5},"end":{"line":70,"column":5}}]},"14":{"type":"branch","line":72,"loc":{"start":{"line":72,"column":-1},"end":{"line":74,"column":2}},"locations":[{"start":{"line":72,"column":-1},"end":{"line":74,"column":2}}]},"15":{"type":"branch","line":77,"loc":{"start":{"line":77,"column":24},"end":{"line":77,"column":49}},"locations":[{"start":{"line":77,"column":24},"end":{"line":77,"column":49}}]}},"b":{"0":[16],"1":[2],"2":[14],"3":[3],"4":[11],"5":[4],"6":[4],"7":[12],"8":[13],"9":[7],"10":[5],"11":[5],"12":[2],"13":[9],"14":[11],"15":[9]},"fnMap":{"0":{"name":"combinate","decl":{"start":{"line":38,"column":18},"end":{"line":74,"column":2}},"loc":{"start":{"line":38,"column":18},"end":{"line":74,"column":2}},"line":38},"1":{"name":"urlConstructor","decl":{"start":{"line":77,"column":24},"end":{"line":77,"column":49}},"loc":{"start":{"line":77,"column":24},"end":{"line":77,"column":49}},"line":77}},"f":{"0":16,"1":9}}
}
