TN:
SF:lib/urlConstructor.js
FN:38,combinate
FN:77,urlConstructor
FNF:2
FNH:2
FNDA:16,combinate
FNDA:9,urlConstructor
DA:1,1
DA:2,1
DA:3,1
DA:4,1
DA:5,1
DA:6,1
DA:7,1
DA:8,1
DA:9,1
DA:10,1
DA:11,1
DA:12,1
DA:13,1
DA:14,1
DA:15,1
DA:16,1
DA:17,1
DA:18,1
DA:19,1
DA:20,1
DA:21,1
DA:22,1
DA:23,1
DA:24,1
DA:25,1
DA:26,1
DA:27,1
DA:28,1
DA:29,1
DA:30,1
DA:31,1
DA:32,1
DA:33,1
DA:34,1
DA:35,1
DA:36,1
DA:37,1
DA:38,1
DA:39,16
DA:40,16
DA:41,14
DA:42,14
DA:43,16
DA:44,11
DA:45,11
DA:46,16
DA:47,16
DA:48,16
DA:49,16
DA:50,16
DA:51,16
DA:52,16
DA:53,16
DA:54,12
DA:55,12
DA:56,16
DA:57,16
DA:58,16
DA:59,16
DA:60,16
DA:61,7
DA:62,7
DA:63,5
DA:64,7
DA:65,2
DA:66,2
DA:67,16
DA:68,9
DA:69,9
DA:70,9
DA:71,16
DA:72,11
DA:73,11
DA:74,11
DA:75,1
DA:76,1
DA:77,1
DA:78,1
DA:79,1
LF:79
LH:79
BRDA:38,0,0,16
BRDA:40,1,0,2
BRDA:40,2,0,14
BRDA:43,3,0,3
BRDA:43,4,0,11
BRDA:53,5,0,4
BRDA:53,6,0,4
BRDA:53,7,0,12
BRDA:60,8,0,13
BRDA:60,9,0,7
BRDA:62,10,0,5
BRDA:62,11,0,5
BRDA:64,12,0,2
BRDA:67,13,0,9
BRDA:72,14,0,11
BRDA:77,15,0,9
BRF:16
BRH:16
end_of_record
